Using pre-set license
Built from '2020.3/staging' branch; Version is '2020.3.5f1 (8095aa901b9b) revision 8426922'; Using compiler version '192528614'; Build Type 'Release'
OS: 'Windows 10 Pro; OS build 19042.928; Version 2009; 64bit' Language: 'en' Physical Memory: 8073 MB
BatchMode: 1, IsHumanControllingUs: 0, StartBugReporterOnCrash: 0, Is64bit: 1, IsPro: 0

 COMMAND LINE ARGUMENTS:
C:\Program Files\Unity\Hub\Editor\2020.3.5f1\Editor\Unity.exe
-adb2
-batchMode
-noUpm
-name
AssetImportWorker0
-projectPath
C:/Users/DevFeast/Desktop/Local/grup8-bitirmeprojesi-RPG_game/RPG_game
-logFile
Logs/AssetImportWorker0.log
-srvPort
57867
Successfully changed project path to: C:/Users/DevFeast/Desktop/Local/grup8-bitirmeprojesi-RPG_game/RPG_game
C:/Users/DevFeast/Desktop/Local/grup8-bitirmeprojesi-RPG_game/RPG_game
Using Asset Import Pipeline V2.
Refreshing native plugins compatible for Editor in 72.28 ms, found 2 plugins.
Preloading 0 native plugins for Editor in 0.00 ms.
Initialize engine version: 2020.3.5f1 (8095aa901b9b)
[Subsystems] Discovering subsystems at path C:/Program Files/Unity/Hub/Editor/2020.3.5f1/Editor/Data/Resources/UnitySubsystems
[Subsystems] Discovering subsystems at path C:/Users/DevFeast/Desktop/Local/grup8-bitirmeprojesi-RPG_game/RPG_game/Assets
GfxDevice: creating device client; threaded=0
Direct3D:
    Version:  Direct3D 11.0 [level 11.0]
    Renderer: NVIDIA GeForce GTX 765M (ID=0x11e1)
    Vendor:   
    VRAM:     2017 MB
    Driver:   10.18.13.6871
Initialize mono
Mono path[0] = 'C:/Program Files/Unity/Hub/Editor/2020.3.5f1/Editor/Data/Managed'
Mono path[1] = 'C:/Program Files/Unity/Hub/Editor/2020.3.5f1/Editor/Data/MonoBleedingEdge/lib/mono/unityjit'
Mono config path = 'C:/Program Files/Unity/Hub/Editor/2020.3.5f1/Editor/Data/MonoBleedingEdge/etc'
Using monoOptions --debugger-agent=transport=dt_socket,embedding=1,server=y,suspend=n,address=127.0.0.1:56480
Begin MonoManager ReloadAssembly
Registering precompiled unity dll's ...
Register platform support module: C:/Program Files/Unity/Hub/Editor/2020.3.5f1/Editor/Data/PlaybackEngines/WebGLSupport/UnityEditor.WebGL.Extensions.dll
Register platform support module: C:/Program Files/Unity/Hub/Editor/2020.3.5f1/Editor/Data/PlaybackEngines/WindowsStandaloneSupport/UnityEditor.WindowsStandalone.Extensions.dll
Registered in 0.005766 seconds.
Native extension for WindowsStandalone target not found
Native extension for WebGL target not found
Refreshing native plugins compatible for Editor in 38.76 ms, found 2 plugins.
Preloading 0 native plugins for Editor in 0.00 ms.
Mono: successfully reloaded assembly
- Completed reload, in  2.456 seconds
Platform modules already initialized, skipping
Registering precompiled user dll's ...
Registered in 0.022064 seconds.
Begin MonoManager ReloadAssembly
Native extension for WindowsStandalone target not found
Native extension for WebGL target not found
Refreshing native plugins compatible for Editor in 0.47 ms, found 2 plugins.
Preloading 0 native plugins for Editor in 0.00 ms.
Mono: successfully reloaded assembly
- Completed reload, in  1.452 seconds
Platform modules already initialized, skipping
========================================================================
Worker process is ready to serve import requests
Launched and connected shader compiler UnityShaderCompiler.exe after 0.14 seconds
Refreshing native plugins compatible for Editor in 0.85 ms, found 2 plugins.
Preloading 0 native plugins for Editor in 0.00 ms.
Unloading 1134 Unused Serialized files (Serialized files now loaded: 0)
System memory in use before: 70.6 MB.
System memory in use after: 70.6 MB.

Unloading 27 unused Assets to reduce memory usage. Loaded Objects now: 1619.
Total: 2.573400 ms (FindLiveObjects: 0.175700 ms CreateObjectMapping: 0.074100 ms MarkObjects: 2.201400 ms  DeleteObjects: 0.120700 ms)

========================================================================
Received Import Request.
  path: Assets/Player.prefab
  artifactKey: Guid(774610319c4fb4146889276c7265a6b0) Importer(815301076,1909f56bfc062723c751e8b465ee728b)
Start importing Assets/Player.prefab using Guid(774610319c4fb4146889276c7265a6b0) Importer(815301076,1909f56bfc062723c751e8b465ee728b)  -> (artifact id: '6bd1a5f696a7116a85de5dd7acb3ccf0') in 0.649193 seconds
  Import took 0.654301 seconds .

========================================================================
Received Import Request.
  Time since last request: 0.000279 seconds.
  path: Assets/New Terrain.asset
  artifactKey: Guid(d16e4a596b94455409a70233874c7437) Importer(815301076,1909f56bfc062723c751e8b465ee728b)
Start importing Assets/New Terrain.asset using Guid(d16e4a596b94455409a70233874c7437) Importer(815301076,1909f56bfc062723c751e8b465ee728b)  -> (artifact id: 'd4b77116b83931026a19eb7fe7d12fd0') in 0.052529 seconds
  Import took 0.056795 seconds .

========================================================================
Received Prepare
Registering precompiled user dll's ...
Registered in 0.022510 seconds.
Begin MonoManager ReloadAssembly
Native extension for WindowsStandalone target not found
Native extension for WebGL target not found
Refreshing native plugins compatible for Editor in 0.52 ms, found 2 plugins.
Preloading 0 native plugins for Editor in 0.00 ms.
Mono: successfully reloaded assembly
- Completed reload, in  2.073 seconds
Platform modules already initialized, skipping
Refreshing native plugins compatible for Editor in 0.66 ms, found 2 plugins.
Preloading 0 native plugins for Editor in 0.00 ms.
Unloading 1129 Unused Serialized files (Serialized files now loaded: 0)
System memory in use before: 73.7 MB.
System memory in use after: 73.8 MB.

Unloading 23 unused Assets to reduce memory usage. Loaded Objects now: 1631.
Total: 4.397000 ms (FindLiveObjects: 0.290900 ms CreateObjectMapping: 0.198100 ms MarkObjects: 3.783500 ms  DeleteObjects: 0.121200 ms)

========================================================================
Received Prepare
Registering precompiled user dll's ...
Registered in 0.020833 seconds.
Begin MonoManager ReloadAssembly
Native extension for WindowsStandalone target not found
Native extension for WebGL target not found
Refreshing native plugins compatible for Editor in 0.48 ms, found 2 plugins.
Preloading 0 native plugins for Editor in 0.00 ms.
Mono: successfully reloaded assembly
- Completed reload, in  1.545 seconds
Platform modules already initialized, skipping
Refreshing native plugins compatible for Editor in 0.52 ms, found 2 plugins.
Preloading 0 native plugins for Editor in 0.00 ms.
Unloading 1129 Unused Serialized files (Serialized files now loaded: 0)
System memory in use before: 73.7 MB.
System memory in use after: 73.8 MB.

Unloading 22 unused Assets to reduce memory usage. Loaded Objects now: 1634.
Total: 2.873500 ms (FindLiveObjects: 0.182000 ms CreateObjectMapping: 0.061200 ms MarkObjects: 2.403100 ms  DeleteObjects: 0.225500 ms)

========================================================================
Received Import Request.
  Time since last request: 129.089220 seconds.
  path: Packages/com.unity.ext.nunit/package.json
  artifactKey: Guid(8143d3a8390f2c64685e3bc272bd9e90) Importer(815301076,1909f56bfc062723c751e8b465ee728b)
Start importing Packages/com.unity.ext.nunit/package.json using Guid(8143d3a8390f2c64685e3bc272bd9e90) Importer(815301076,1909f56bfc062723c751e8b465ee728b)  -> (artifact id: '0d8eec3ecbe269a67111848ecbfb8350') in 0.024622 seconds
  Import took 0.027681 seconds .

========================================================================
Received Import Request.
  Time since last request: 0.400991 seconds.
  path: Packages/com.unity.ide.rider/package.json
  artifactKey: Guid(66c95bb3c74257f41bae2622511dc02d) Importer(815301076,1909f56bfc062723c751e8b465ee728b)
Start importing Packages/com.unity.ide.rider/package.json using Guid(66c95bb3c74257f41bae2622511dc02d) Importer(815301076,1909f56bfc062723c751e8b465ee728b)  -> (artifact id: '4765b2daaa10c3c9c9b9217126fdb355') in 0.004855 seconds
  Import took 0.007820 seconds .

========================================================================
Received Import Request.
  Time since last request: 0.483647 seconds.
  path: Packages/com.unity.test-framework/package.json
  artifactKey: Guid(d6a2e6e4803de7b43baacdc355fc144d) Importer(815301076,1909f56bfc062723c751e8b465ee728b)
Start importing Packages/com.unity.test-framework/package.json using Guid(d6a2e6e4803de7b43baacdc355fc144d) Importer(815301076,1909f56bfc062723c751e8b465ee728b)  -> (artifact id: '5477596217f3a72ca417c542427beb18') in 0.007903 seconds
  Import took 0.010444 seconds .

========================================================================
Received Import Request.
  Time since last request: 4.454847 seconds.
  path: Assets/Scenes/SampleScene/LightingData.asset
  artifactKey: Guid(75f8a6cb549f708468a875d8263f4c8d) Importer(815301076,1909f56bfc062723c751e8b465ee728b)
Start importing Assets/Scenes/SampleScene/LightingData.asset using Guid(75f8a6cb549f708468a875d8263f4c8d) Importer(815301076,1909f56bfc062723c751e8b465ee728b)  -> (artifact id: '313691230604cc9bacdbb1e7d299c3bc') in 0.006390 seconds
  Import took 0.009474 seconds .

========================================================================
Received Import Request.
  Time since last request: 0.000215 seconds.
  path: Assets/Scenes/SampleScene/ReflectionProbe-0.exr
  artifactKey: Guid(e58528369d92ef74b8a6911175412033) Importer(815301076,1909f56bfc062723c751e8b465ee728b)
Start importing Assets/Scenes/SampleScene/ReflectionProbe-0.exr using Guid(e58528369d92ef74b8a6911175412033) Importer(815301076,1909f56bfc062723c751e8b465ee728b)  -> (artifact id: '0f312d03d34ea58735362280c6381fcd') in 0.073610 seconds
  Import took 0.075905 seconds .

========================================================================
Received Import Request.
  Time since last request: 0.000243 seconds.
  path: Assets/Scenes/SampleScene/Lightmap-0_comp_dir.png
  artifactKey: Guid(d669cc6aaf2c7ea4d9148e0267c93661) Importer(815301076,1909f56bfc062723c751e8b465ee728b)
Start importing Assets/Scenes/SampleScene/Lightmap-0_comp_dir.png using Guid(d669cc6aaf2c7ea4d9148e0267c93661) Importer(815301076,1909f56bfc062723c751e8b465ee728b)  -> (artifact id: '3a6ee29fbabfaf2ee9b8ec059b3e46e3') in 0.102072 seconds
  Import took 0.104844 seconds .

========================================================================
Received Import Request.
  Time since last request: 0.000246 seconds.
  path: Assets/Scenes/SampleScene/Lightmap-0_comp_shadowmask.png
  artifactKey: Guid(8d35a295b3d00c0479d514626a3a2f61) Importer(815301076,1909f56bfc062723c751e8b465ee728b)
Start importing Assets/Scenes/SampleScene/Lightmap-0_comp_shadowmask.png using Guid(8d35a295b3d00c0479d514626a3a2f61) Importer(815301076,1909f56bfc062723c751e8b465ee728b)  -> (artifact id: 'ce06b8021fc08da3f21044fe40467a49') in 0.132903 seconds
  Import took 0.135397 seconds .

========================================================================
Received Import Request.
  Time since last request: 0.000209 seconds.
  path: Assets/Scenes/SampleScene/Lightmap-0_comp_light.exr
  artifactKey: Guid(43d971b2ff2db404b80e7fa65f360b5c) Importer(815301076,1909f56bfc062723c751e8b465ee728b)
Start importing Assets/Scenes/SampleScene/Lightmap-0_comp_light.exr using Guid(43d971b2ff2db404b80e7fa65f360b5c) Importer(815301076,1909f56bfc062723c751e8b465ee728b)  -> (artifact id: 'c24aedf854e5ea6bbcd294b1aa1e991f') in 0.014605 seconds
  Import took 0.017318 seconds .

========================================================================
Received Import Request.
  Time since last request: 0.448446 seconds.
  path: Assets/Scenes/Synty Sandbox V1/NewLayer 1.terrainlayer
  artifactKey: Guid(7fe13e6c5afd7e846b021a3139034f1f) Importer(815301076,1909f56bfc062723c751e8b465ee728b)
Start importing Assets/Scenes/Synty Sandbox V1/NewLayer 1.terrainlayer using Guid(7fe13e6c5afd7e846b021a3139034f1f) Importer(815301076,1909f56bfc062723c751e8b465ee728b)  -> (artifact id: '7ee769e4e54888519332ea7908b8cd5e') in 0.022233 seconds
  Import took 0.024688 seconds .

========================================================================
Received Import Request.
  Time since last request: 0.000231 seconds.
  path: Assets/Scenes/Synty Sandbox V1/NewLayer 3.terrainlayer
  artifactKey: Guid(122118cccf338714cbb3871635037a61) Importer(815301076,1909f56bfc062723c751e8b465ee728b)
Start importing Assets/Scenes/Synty Sandbox V1/NewLayer 3.terrainlayer using Guid(122118cccf338714cbb3871635037a61) Importer(815301076,1909f56bfc062723c751e8b465ee728b)  -> (artifact id: '5ef925431a56aa3a0a8f997e29d41448') in 0.013105 seconds
  Import took 0.015953 seconds .

========================================================================
Received Import Request.
  Time since last request: 0.000296 seconds.
  path: Assets/Scenes/Synty Sandbox V1/NewLayer 2.terrainlayer
  artifactKey: Guid(aea680e0fa3890f4ab5a2be421ce638d) Importer(815301076,1909f56bfc062723c751e8b465ee728b)
Start importing Assets/Scenes/Synty Sandbox V1/NewLayer 2.terrainlayer using Guid(aea680e0fa3890f4ab5a2be421ce638d) Importer(815301076,1909f56bfc062723c751e8b465ee728b)  -> (artifact id: '17aec7db0741d0fc927a52a0ed46d3ea') in 0.022397 seconds
  Import took 0.025335 seconds .

========================================================================
Received Import Request.
  Time since last request: 0.000216 seconds.
  path: Assets/Scenes/Synty Sandbox V1/NewLayer.terrainlayer
  artifactKey: Guid(3b7440aa9d6ec454b8b1f6281a5dc304) Importer(815301076,1909f56bfc062723c751e8b465ee728b)
Start importing Assets/Scenes/Synty Sandbox V1/NewLayer.terrainlayer using Guid(3b7440aa9d6ec454b8b1f6281a5dc304) Importer(815301076,1909f56bfc062723c751e8b465ee728b)  -> (artifact id: '5b098f91dcd5487cb31c14ec67fc6aa9') in 0.014496 seconds
  Import took 0.017121 seconds .

========================================================================
Received Import Request.
  Time since last request: 1460.057552 seconds.
  path: Assets
  artifactKey: Guid(00000000000000001000000000000000) Importer(815301076,1909f56bfc062723c751e8b465ee728b)
Start importing Assets using Guid(00000000000000001000000000000000) Importer(815301076,1909f56bfc062723c751e8b465ee728b)  -> (artifact id: '83341b75df33ff4c6bb8bd4da90b08da') in 0.005037 seconds
  Import took 0.008336 seconds .

========================================================================
Received Import Request.
  Time since last request: 4.336518 seconds.
  path: Assets/Scripts
  artifactKey: Guid(dd3df86f6565f894e9429e0ca1203637) Importer(815301076,1909f56bfc062723c751e8b465ee728b)
Start importing Assets/Scripts using Guid(dd3df86f6565f894e9429e0ca1203637) Importer(815301076,1909f56bfc062723c751e8b465ee728b)  -> (artifact id: '4d919166376789ee498e413327018657') in 0.004910 seconds
  Import took 0.010608 seconds .

========================================================================
Received Import Request.
  Time since last request: 20.617641 seconds.
  path: Assets/Scripts/Mover.cs
  artifactKey: Guid(9cbaa37e8b6eb3f46ac9b5c43c8c797f) Importer(815301076,1909f56bfc062723c751e8b465ee728b)
Start importing Assets/Scripts/Mover.cs using Guid(9cbaa37e8b6eb3f46ac9b5c43c8c797f) Importer(815301076,1909f56bfc062723c751e8b465ee728b)  -> (artifact id: '982fbceb6aead0246f22a5d98a469262') in 0.015394 seconds
  Import took 0.018522 seconds .

========================================================================
Received Prepare
Registering precompiled user dll's ...
Registered in 0.120284 seconds.
Begin MonoManager ReloadAssembly
Native extension for WindowsStandalone target not found
Native extension for WebGL target not found
Refreshing native plugins compatible for Editor in 0.78 ms, found 2 plugins.
Preloading 0 native plugins for Editor in 0.00 ms.
Mono: successfully reloaded assembly
- Completed reload, in  2.902 seconds
Platform modules already initialized, skipping
Refreshing native plugins compatible for Editor in 0.81 ms, found 2 plugins.
Preloading 0 native plugins for Editor in 0.00 ms.
Unloading 1130 Unused Serialized files (Serialized files now loaded: 0)
System memory in use before: 74.1 MB.
System memory in use after: 74.1 MB.

Unloading 22 unused Assets to reduce memory usage. Loaded Objects now: 1668.
Total: 4.023400 ms (FindLiveObjects: 0.432700 ms CreateObjectMapping: 0.182300 ms MarkObjects: 3.283500 ms  DeleteObjects: 0.122300 ms)

========================================================================
Received Prepare
Registering precompiled user dll's ...
Registered in 0.022259 seconds.
Begin MonoManager ReloadAssembly
Native extension for WindowsStandalone target not found
Native extension for WebGL target not found
Refreshing native plugins compatible for Editor in 0.56 ms, found 2 plugins.
Preloading 0 native plugins for Editor in 0.00 ms.
Mono: successfully reloaded assembly
- Completed reload, in  1.530 seconds
Platform modules already initialized, skipping
Refreshing native plugins compatible for Editor in 0.46 ms, found 2 plugins.
Preloading 0 native plugins for Editor in 0.00 ms.
Unloading 1130 Unused Serialized files (Serialized files now loaded: 0)
System memory in use before: 74.1 MB.
System memory in use after: 74.2 MB.

Unloading 22 unused Assets to reduce memory usage. Loaded Objects now: 1671.
Total: 2.674300 ms (FindLiveObjects: 0.210800 ms CreateObjectMapping: 0.061100 ms MarkObjects: 2.078400 ms  DeleteObjects: 0.321700 ms)

========================================================================
Received Prepare
Registering precompiled user dll's ...
Registered in 0.028375 seconds.
Begin MonoManager ReloadAssembly
Native extension for WindowsStandalone target not found
Native extension for WebGL target not found
Refreshing native plugins compatible for Editor in 1.06 ms, found 2 plugins.
Preloading 0 native plugins for Editor in 0.00 ms.
Mono: successfully reloaded assembly
- Completed reload, in  1.829 seconds
Platform modules already initialized, skipping
Refreshing native plugins compatible for Editor in 0.50 ms, found 2 plugins.
Preloading 0 native plugins for Editor in 0.00 ms.
Unloading 1130 Unused Serialized files (Serialized files now loaded: 0)
System memory in use before: 74.1 MB.
System memory in use after: 74.2 MB.

Unloading 22 unused Assets to reduce memory usage. Loaded Objects now: 1674.
Total: 2.964700 ms (FindLiveObjects: 0.233000 ms CreateObjectMapping: 0.112900 ms MarkObjects: 2.457100 ms  DeleteObjects: 0.159300 ms)

========================================================================
Received Prepare
Registering precompiled user dll's ...
Registered in 0.031772 seconds.
Begin MonoManager ReloadAssembly
Native extension for WindowsStandalone target not found
Native extension for WebGL target not found
Refreshing native plugins compatible for Editor in 0.60 ms, found 2 plugins.
Preloading 0 native plugins for Editor in 0.00 ms.
Mono: successfully reloaded assembly
- Completed reload, in  2.112 seconds
Platform modules already initialized, skipping
Refreshing native plugins compatible for Editor in 0.83 ms, found 2 plugins.
Preloading 0 native plugins for Editor in 0.00 ms.
Unloading 1130 Unused Serialized files (Serialized files now loaded: 0)
System memory in use before: 74.1 MB.
System memory in use after: 74.2 MB.

Unloading 22 unused Assets to reduce memory usage. Loaded Objects now: 1677.
Total: 3.237800 ms (FindLiveObjects: 0.286200 ms CreateObjectMapping: 0.093200 ms MarkObjects: 2.756800 ms  DeleteObjects: 0.099100 ms)

========================================================================
Received Prepare
Registering precompiled user dll's ...
Registered in 0.022480 seconds.
Begin MonoManager ReloadAssembly
Native extension for WindowsStandalone target not found
Native extension for WebGL target not found
Refreshing native plugins compatible for Editor in 0.55 ms, found 2 plugins.
Preloading 0 native plugins for Editor in 0.00 ms.
Mono: successfully reloaded assembly
- Completed reload, in  3.243 seconds
Platform modules already initialized, skipping
Refreshing native plugins compatible for Editor in 2.08 ms, found 2 plugins.
Preloading 0 native plugins for Editor in 0.00 ms.
Unloading 1130 Unused Serialized files (Serialized files now loaded: 0)
System memory in use before: 74.1 MB.
System memory in use after: 74.2 MB.

Unloading 22 unused Assets to reduce memory usage. Loaded Objects now: 1680.
Total: 10.058700 ms (FindLiveObjects: 0.690200 ms CreateObjectMapping: 0.319400 ms MarkObjects: 8.799100 ms  DeleteObjects: 0.243400 ms)

========================================================================
Received Import Request.
  Time since last request: 1149.451571 seconds.
  path: Assets/Synty Sandbox V1.unitypackage
  artifactKey: Guid(bb2a1f063811d924b8888d601cce3a60) Importer(815301076,1909f56bfc062723c751e8b465ee728b)
Start importing Assets/Synty Sandbox V1.unitypackage using Guid(bb2a1f063811d924b8888d601cce3a60) Importer(815301076,1909f56bfc062723c751e8b465ee728b)  -> (artifact id: '73e2fe1c17393a9e45c3f9ab945b742b') in 0.186375 seconds
  Import took 0.199349 seconds .

========================================================================
Received Import Request.
  Time since last request: 1.012516 seconds.
  path: Assets/Terrain Textures V1.unitypackage
  artifactKey: Guid(8f0a7b22dd94ca8428b803868bfbb56d) Importer(815301076,1909f56bfc062723c751e8b465ee728b)
Start importing Assets/Terrain Textures V1.unitypackage using Guid(8f0a7b22dd94ca8428b803868bfbb56d) Importer(815301076,1909f56bfc062723c751e8b465ee728b)  -> (artifact id: '26d14e08cbb26bfbef517f4f164ef06b') in 0.011983 seconds
  Import took 0.027821 seconds .

========================================================================
Received Import Request.
  Time since last request: 2.066737 seconds.
  path: Assets/Scenes
  artifactKey: Guid(612426d05d4a7964ca708aee5146b713) Importer(815301076,1909f56bfc062723c751e8b465ee728b)
Start importing Assets/Scenes using Guid(612426d05d4a7964ca708aee5146b713) Importer(815301076,1909f56bfc062723c751e8b465ee728b)  -> (artifact id: 'a6728768ca64b1b1a940368f7b074d19') in 0.006368 seconds
  Import took 0.012361 seconds .

========================================================================
Received Import Request.
  Time since last request: 1.506822 seconds.
  path: Assets/Scenes/SampleScene.unity
  artifactKey: Guid(9fc0d4010bbf28b4594072e72b8655ab) Importer(815301076,1909f56bfc062723c751e8b465ee728b)
Start importing Assets/Scenes/SampleScene.unity using Guid(9fc0d4010bbf28b4594072e72b8655ab) Importer(815301076,1909f56bfc062723c751e8b465ee728b)  -> (artifact id: 'f8fee851dd16142e3f2711a18c380f17') in 0.006466 seconds
  Import took 0.009552 seconds .

========================================================================
Received Import Request.
  Time since last request: 2.580762 seconds.
  path: Assets/Scenes/SampleScene
  artifactKey: Guid(197047cbe76c85141b69684cd1e75f13) Importer(815301076,1909f56bfc062723c751e8b465ee728b)
Start importing Assets/Scenes/SampleScene using Guid(197047cbe76c85141b69684cd1e75f13) Importer(815301076,1909f56bfc062723c751e8b465ee728b)  -> (artifact id: '546a9db3a935fb0e7b724b23647fddde') in 0.005556 seconds
  Import took 0.008007 seconds .

========================================================================
Received Import Request.
  Time since last request: 0.070245 seconds.
  path: Assets/Scenes/SampleScene/NavMesh.asset
  artifactKey: Guid(249bf6dcba388c141961825244ce69e0) Importer(815301076,1909f56bfc062723c751e8b465ee728b)
Start importing Assets/Scenes/SampleScene/NavMesh.asset using Guid(249bf6dcba388c141961825244ce69e0) Importer(815301076,1909f56bfc062723c751e8b465ee728b)  -> (artifact id: '1783b0897357ae961ae0a9b5429fd786') in 0.009669 seconds
  Import took 0.012999 seconds .

========================================================================
Received Import Request.
  Time since last request: 10.268633 seconds.
  path: Assets/Scenes/Sandbox.unity
  artifactKey: Guid(9fc0d4010bbf28b4594072e72b8655ab) Importer(815301076,1909f56bfc062723c751e8b465ee728b)
Start importing Assets/Scenes/Sandbox.unity using Guid(9fc0d4010bbf28b4594072e72b8655ab) Importer(815301076,1909f56bfc062723c751e8b465ee728b)  -> (artifact id: '9c99b244c829ce570c1877398e757f3e') in 0.006927 seconds
  Import took 0.012730 seconds .

========================================================================
Received Prepare
Registering precompiled user dll's ...
Registered in 0.018003 seconds.
Begin MonoManager ReloadAssembly
Native extension for WindowsStandalone target not found
Native extension for WebGL target not found
Refreshing native plugins compatible for Editor in 0.53 ms, found 2 plugins.
Preloading 0 native plugins for Editor in 0.00 ms.
Mono: successfully reloaded assembly
- Completed reload, in  2.704 seconds
Platform modules already initialized, skipping
Refreshing native plugins compatible for Editor in 0.49 ms, found 2 plugins.
Preloading 0 native plugins for Editor in 0.00 ms.
Unloading 1130 Unused Serialized files (Serialized files now loaded: 0)
System memory in use before: 74.7 MB.
System memory in use after: 74.8 MB.

Unloading 22 unused Assets to reduce memory usage. Loaded Objects now: 1684.
Total: 9.185700 ms (FindLiveObjects: 4.732100 ms CreateObjectMapping: 0.231900 ms MarkObjects: 4.079900 ms  DeleteObjects: 0.135100 ms)

========================================================================
Received Prepare
Registering precompiled user dll's ...
Registered in 0.018051 seconds.
Begin MonoManager ReloadAssembly
Native extension for WindowsStandalone target not found
Native extension for WebGL target not found
Refreshing native plugins compatible for Editor in 0.54 ms, found 2 plugins.
Preloading 0 native plugins for Editor in 0.00 ms.
Mono: successfully reloaded assembly
- Completed reload, in  1.306 seconds
Platform modules already initialized, skipping
Refreshing native plugins compatible for Editor in 1.19 ms, found 2 plugins.
Preloading 0 native plugins for Editor in 0.00 ms.
Unloading 1130 Unused Serialized files (Serialized files now loaded: 0)
System memory in use before: 74.7 MB.
System memory in use after: 74.8 MB.

Unloading 22 unused Assets to reduce memory usage. Loaded Objects now: 1687.
Total: 7.899500 ms (FindLiveObjects: 0.433100 ms CreateObjectMapping: 0.237800 ms MarkObjects: 6.958600 ms  DeleteObjects: 0.264100 ms)

========================================================================
Received Prepare
Registering precompiled user dll's ...
Registered in 0.021649 seconds.
Begin MonoManager ReloadAssembly
Native extension for WindowsStandalone target not found
Native extension for WebGL target not found
Refreshing native plugins compatible for Editor in 0.56 ms, found 2 plugins.
Preloading 0 native plugins for Editor in 0.00 ms.
Mono: successfully reloaded assembly
- Completed reload, in  1.525 seconds
Platform modules already initialized, skipping
Refreshing native plugins compatible for Editor in 0.48 ms, found 2 plugins.
Preloading 0 native plugins for Editor in 0.00 ms.
Unloading 1130 Unused Serialized files (Serialized files now loaded: 0)
System memory in use before: 74.7 MB.
System memory in use after: 74.8 MB.

Unloading 22 unused Assets to reduce memory usage. Loaded Objects now: 1690.
Total: 3.328300 ms (FindLiveObjects: 0.470700 ms CreateObjectMapping: 0.156000 ms MarkObjects: 2.590800 ms  DeleteObjects: 0.108600 ms)

========================================================================
Received Prepare
Registering precompiled user dll's ...
Registered in 0.025883 seconds.
Begin MonoManager ReloadAssembly
Native extension for WindowsStandalone target not found
Native extension for WebGL target not found
Refreshing native plugins compatible for Editor in 0.52 ms, found 2 plugins.
Preloading 0 native plugins for Editor in 0.00 ms.
Mono: successfully reloaded assembly
- Completed reload, in  1.692 seconds
Platform modules already initialized, skipping
Refreshing native plugins compatible for Editor in 0.54 ms, found 2 plugins.
Preloading 0 native plugins for Editor in 0.00 ms.
Unloading 1130 Unused Serialized files (Serialized files now loaded: 0)
System memory in use before: 74.7 MB.
System memory in use after: 74.8 MB.

Unloading 22 unused Assets to reduce memory usage. Loaded Objects now: 1693.
Total: 3.633700 ms (FindLiveObjects: 0.246000 ms CreateObjectMapping: 0.090300 ms MarkObjects: 3.139900 ms  DeleteObjects: 0.155400 ms)

========================================================================
Received Prepare
Registering precompiled user dll's ...
Registered in 0.033622 seconds.
Begin MonoManager ReloadAssembly
Native extension for WindowsStandalone target not found
Native extension for WebGL target not found
Refreshing native plugins compatible for Editor in 2.08 ms, found 2 plugins.
Preloading 0 native plugins for Editor in 0.00 ms.
Mono: successfully reloaded assembly
- Completed reload, in  3.358 seconds
Platform modules already initialized, skipping
Refreshing native plugins compatible for Editor in 0.68 ms, found 2 plugins.
Preloading 0 native plugins for Editor in 0.00 ms.
Unloading 1130 Unused Serialized files (Serialized files now loaded: 0)
System memory in use before: 74.8 MB.
System memory in use after: 74.8 MB.

Unloading 22 unused Assets to reduce memory usage. Loaded Objects now: 1696.
Total: 3.042700 ms (FindLiveObjects: 0.354600 ms CreateObjectMapping: 0.174300 ms MarkObjects: 2.411300 ms  DeleteObjects: 0.100900 ms)

========================================================================
Received Prepare
Registering precompiled user dll's ...
Registered in 0.023038 seconds.
Begin MonoManager ReloadAssembly
Native extension for WindowsStandalone target not found
Native extension for WebGL target not found
Refreshing native plugins compatible for Editor in 0.64 ms, found 2 plugins.
Preloading 0 native plugins for Editor in 0.00 ms.
Mono: successfully reloaded assembly
- Completed reload, in  4.788 seconds
Platform modules already initialized, skipping
Refreshing native plugins compatible for Editor in 0.51 ms, found 2 plugins.
Preloading 0 native plugins for Editor in 0.00 ms.
Unloading 1130 Unused Serialized files (Serialized files now loaded: 0)
System memory in use before: 74.8 MB.
System memory in use after: 74.8 MB.

Unloading 22 unused Assets to reduce memory usage. Loaded Objects now: 1699.
Total: 7.693300 ms (FindLiveObjects: 0.392600 ms CreateObjectMapping: 0.109700 ms MarkObjects: 7.008400 ms  DeleteObjects: 0.178500 ms)

========================================================================
Received Prepare
Registering precompiled user dll's ...
Registered in 0.037233 seconds.
Begin MonoManager ReloadAssembly
Native extension for WindowsStandalone target not found
Native extension for WebGL target not found
Refreshing native plugins compatible for Editor in 0.48 ms, found 2 plugins.
Preloading 0 native plugins for Editor in 0.00 ms.
Mono: successfully reloaded assembly
- Completed reload, in  3.040 seconds
Platform modules already initialized, skipping
Refreshing native plugins compatible for Editor in 0.48 ms, found 2 plugins.
Preloading 0 native plugins for Editor in 0.00 ms.
Unloading 1130 Unused Serialized files (Serialized files now loaded: 0)
System memory in use before: 74.8 MB.
System memory in use after: 74.8 MB.

Unloading 22 unused Assets to reduce memory usage. Loaded Objects now: 1702.
Total: 2.989000 ms (FindLiveObjects: 0.275600 ms CreateObjectMapping: 0.167900 ms MarkObjects: 2.436300 ms  DeleteObjects: 0.107500 ms)

========================================================================
Received Prepare
Registering precompiled user dll's ...
Registered in 0.027766 seconds.
Begin MonoManager ReloadAssembly
Native extension for WindowsStandalone target not found
Native extension for WebGL target not found
Refreshing native plugins compatible for Editor in 1.54 ms, found 2 plugins.
Preloading 0 native plugins for Editor in 0.00 ms.
Mono: successfully reloaded assembly
- Completed reload, in  3.568 seconds
Platform modules already initialized, skipping
Refreshing native plugins compatible for Editor in 0.53 ms, found 2 plugins.
Preloading 0 native plugins for Editor in 0.00 ms.
Unloading 1130 Unused Serialized files (Serialized files now loaded: 0)
System memory in use before: 74.8 MB.
System memory in use after: 74.8 MB.

Unloading 22 unused Assets to reduce memory usage. Loaded Objects now: 1705.
Total: 3.324300 ms (FindLiveObjects: 0.352800 ms CreateObjectMapping: 0.153400 ms MarkObjects: 2.594300 ms  DeleteObjects: 0.221900 ms)

========================================================================
Received Prepare
Registering precompiled user dll's ...
Registered in 0.021951 seconds.
Begin MonoManager ReloadAssembly
Native extension for WindowsStandalone target not found
Native extension for WebGL target not found
Refreshing native plugins compatible for Editor in 0.54 ms, found 2 plugins.
Preloading 0 native plugins for Editor in 0.00 ms.
Mono: successfully reloaded assembly
- Completed reload, in  3.474 seconds
Platform modules already initialized, skipping
Refreshing native plugins compatible for Editor in 0.51 ms, found 2 plugins.
Preloading 0 native plugins for Editor in 0.00 ms.
Unloading 1130 Unused Serialized files (Serialized files now loaded: 0)
System memory in use before: 74.8 MB.
System memory in use after: 74.8 MB.

Unloading 22 unused Assets to reduce memory usage. Loaded Objects now: 1708.
Total: 4.974700 ms (FindLiveObjects: 0.386400 ms CreateObjectMapping: 0.346700 ms MarkObjects: 4.130000 ms  DeleteObjects: 0.109300 ms)

========================================================================
Received Import Request.
  Time since last request: 1067.558360 seconds.
  path: Assets/Scripts/FollowCamera.cs
  artifactKey: Guid(7df0456c6e7b60a4ca7bbeef45a40fd8) Importer(815301076,1909f56bfc062723c751e8b465ee728b)
Start importing Assets/Scripts/FollowCamera.cs using Guid(7df0456c6e7b60a4ca7bbeef45a40fd8) Importer(815301076,1909f56bfc062723c751e8b465ee728b)  -> (artifact id: '184ee0000d2c02d83db0a0850b875a2f') in 0.011842 seconds
  Import took 0.015210 seconds .

========================================================================
Received Prepare
Registering precompiled user dll's ...
Registered in 0.032857 seconds.
Begin MonoManager ReloadAssembly
Native extension for WindowsStandalone target not found
Native extension for WebGL target not found
Refreshing native plugins compatible for Editor in 0.80 ms, found 2 plugins.
Preloading 0 native plugins for Editor in 0.00 ms.
Mono: successfully reloaded assembly
- Completed reload, in  3.217 seconds
Platform modules already initialized, skipping
Refreshing native plugins compatible for Editor in 1.95 ms, found 2 plugins.
Preloading 0 native plugins for Editor in 0.00 ms.
Unloading 1131 Unused Serialized files (Serialized files now loaded: 0)
System memory in use before: 74.8 MB.
System memory in use after: 74.9 MB.

Unloading 22 unused Assets to reduce memory usage. Loaded Objects now: 1712.
Total: 2.655100 ms (FindLiveObjects: 0.251200 ms CreateObjectMapping: 0.111700 ms MarkObjects: 2.187500 ms  DeleteObjects: 0.102700 ms)

========================================================================
Received Import Request.
  Time since last request: 142.637513 seconds.
  path: Assets/Scripts/FollowCamera.cs
  artifactKey: Guid(7df0456c6e7b60a4ca7bbeef45a40fd8) Importer(815301076,1909f56bfc062723c751e8b465ee728b)
Start importing Assets/Scripts/FollowCamera.cs using Guid(7df0456c6e7b60a4ca7bbeef45a40fd8) Importer(815301076,1909f56bfc062723c751e8b465ee728b)  -> (artifact id: '0c7f468a03d26a13a1753719cda2daca') in 0.012429 seconds
  Import took 0.016612 seconds .

========================================================================
Received Prepare
Registering precompiled user dll's ...
Registered in 0.021915 seconds.
Begin MonoManager ReloadAssembly
Native extension for WindowsStandalone target not found
Native extension for WebGL target not found
Refreshing native plugins compatible for Editor in 0.57 ms, found 2 plugins.
Preloading 0 native plugins for Editor in 0.00 ms.
Mono: successfully reloaded assembly
- Completed reload, in  1.512 seconds
Platform modules already initialized, skipping
Refreshing native plugins compatible for Editor in 0.50 ms, found 2 plugins.
Preloading 0 native plugins for Editor in 0.00 ms.
Unloading 1131 Unused Serialized files (Serialized files now loaded: 0)
System memory in use before: 74.8 MB.
System memory in use after: 74.9 MB.

Unloading 22 unused Assets to reduce memory usage. Loaded Objects now: 1715.
Total: 3.002700 ms (FindLiveObjects: 0.405700 ms CreateObjectMapping: 0.120000 ms MarkObjects: 2.362400 ms  DeleteObjects: 0.111500 ms)

========================================================================
Received Import Request.
  Time since last request: 56.876500 seconds.
  path: Assets/Scripts/FollowCamera.cs
  artifactKey: Guid(7df0456c6e7b60a4ca7bbeef45a40fd8) Importer(815301076,1909f56bfc062723c751e8b465ee728b)
Start importing Assets/Scripts/FollowCamera.cs using Guid(7df0456c6e7b60a4ca7bbeef45a40fd8) Importer(815301076,1909f56bfc062723c751e8b465ee728b)  -> (artifact id: 'b7043d6beecf93cec134fc66ab2dca02') in 0.015851 seconds
  Import took 0.022248 seconds .

========================================================================
Received Prepare
Registering precompiled user dll's ...
Registered in 0.022850 seconds.
Begin MonoManager ReloadAssembly
Native extension for WindowsStandalone target not found
Native extension for WebGL target not found
Refreshing native plugins compatible for Editor in 0.64 ms, found 2 plugins.
Preloading 0 native plugins for Editor in 0.00 ms.
Mono: successfully reloaded assembly
- Completed reload, in  1.692 seconds
Platform modules already initialized, skipping
Refreshing native plugins compatible for Editor in 1.18 ms, found 2 plugins.
Preloading 0 native plugins for Editor in 0.00 ms.
Unloading 1131 Unused Serialized files (Serialized files now loaded: 0)
System memory in use before: 74.8 MB.
System memory in use after: 74.9 MB.

Unloading 22 unused Assets to reduce memory usage. Loaded Objects now: 1718.
Total: 13.956000 ms (FindLiveObjects: 0.781600 ms CreateObjectMapping: 0.421800 ms MarkObjects: 12.369400 ms  DeleteObjects: 0.375900 ms)

========================================================================
Received Import Request.
  Time since last request: 151.692142 seconds.
  path: Assets/FollowCamera.prefab
  artifactKey: Guid(7a19ba42fe2425842adc52bc832ca6a5) Importer(815301076,1909f56bfc062723c751e8b465ee728b)
Start importing Assets/FollowCamera.prefab using Guid(7a19ba42fe2425842adc52bc832ca6a5) Importer(815301076,1909f56bfc062723c751e8b465ee728b)  -> (artifact id: '67bb5227db3fbc28b45c5e6aca8cb6d3') in 0.062077 seconds
  Import took 0.067561 seconds .

========================================================================
Received Import Request.
  Time since last request: 0.064284 seconds.
  path: Assets/FollowCamera.prefab
  artifactKey: Guid(7a19ba42fe2425842adc52bc832ca6a5) Importer(815301076,1909f56bfc062723c751e8b465ee728b)
Start importing Assets/FollowCamera.prefab using Guid(7a19ba42fe2425842adc52bc832ca6a5) Importer(815301076,1909f56bfc062723c751e8b465ee728b)  -> (artifact id: '67bb5227db3fbc28b45c5e6aca8cb6d3') in 0.018151 seconds
  Import took 0.025068 seconds .

========================================================================
Received Import Request.
  Time since last request: 36.705561 seconds.
  path: Assets/Game
  artifactKey: Guid(aa1e2f43bc8d04a4491217de1a985498) Importer(815301076,1909f56bfc062723c751e8b465ee728b)
Start importing Assets/Game using Guid(aa1e2f43bc8d04a4491217de1a985498) Importer(815301076,1909f56bfc062723c751e8b465ee728b)  -> (artifact id: 'bdfb22a2d2b2e6f2ea586a4fda4c8a38') in 0.008448 seconds
  Import took 0.013360 seconds .

========================================================================
Received Prepare
Registering precompiled user dll's ...
Registered in 0.021511 seconds.
Begin MonoManager ReloadAssembly
Native extension for WindowsStandalone target not found
Native extension for WebGL target not found
Refreshing native plugins compatible for Editor in 1.43 ms, found 2 plugins.
Preloading 0 native plugins for Editor in 0.00 ms.
Mono: successfully reloaded assembly
- Completed reload, in  3.375 seconds
Platform modules already initialized, skipping
Refreshing native plugins compatible for Editor in 0.48 ms, found 2 plugins.
Preloading 0 native plugins for Editor in 0.00 ms.
Unloading 1131 Unused Serialized files (Serialized files now loaded: 0)
System memory in use before: 74.8 MB.
System memory in use after: 74.9 MB.

Unloading 22 unused Assets to reduce memory usage. Loaded Objects now: 1721.
Total: 6.024100 ms (FindLiveObjects: 1.145100 ms CreateObjectMapping: 0.577600 ms MarkObjects: 4.151000 ms  DeleteObjects: 0.145600 ms)

========================================================================
Received Prepare
Registering precompiled user dll's ...
Registered in 0.021884 seconds.
Begin MonoManager ReloadAssembly
Native extension for WindowsStandalone target not found
Native extension for WebGL target not found
Refreshing native plugins compatible for Editor in 0.52 ms, found 2 plugins.
Preloading 0 native plugins for Editor in 0.00 ms.
Mono: successfully reloaded assembly
- Completed reload, in  1.584 seconds
Platform modules already initialized, skipping
Refreshing native plugins compatible for Editor in 0.53 ms, found 2 plugins.
Preloading 0 native plugins for Editor in 0.00 ms.
Unloading 1131 Unused Serialized files (Serialized files now loaded: 0)
System memory in use before: 74.8 MB.
System memory in use after: 74.9 MB.

Unloading 22 unused Assets to reduce memory usage. Loaded Objects now: 1724.
Total: 3.409800 ms (FindLiveObjects: 0.198800 ms CreateObjectMapping: 0.061800 ms MarkObjects: 3.035900 ms  DeleteObjects: 0.111500 ms)

========================================================================
Received Import Request.
  Time since last request: 272.296153 seconds.
  path: Assets/Game/FollowCamera.prefab
  artifactKey: Guid(7a19ba42fe2425842adc52bc832ca6a5) Importer(815301076,1909f56bfc062723c751e8b465ee728b)
Start importing Assets/Game/FollowCamera.prefab using Guid(7a19ba42fe2425842adc52bc832ca6a5) Importer(815301076,1909f56bfc062723c751e8b465ee728b)  -> (artifact id: '4c47a3ca4aacbc9c44716707a5a9ee9b') in 0.040338 seconds
  Import took 0.043615 seconds .

========================================================================
Received Prepare
Registering precompiled user dll's ...
Registered in 0.028358 seconds.
Begin MonoManager ReloadAssembly
Native extension for WindowsStandalone target not found
Native extension for WebGL target not found
Refreshing native plugins compatible for Editor in 0.46 ms, found 2 plugins.
Preloading 0 native plugins for Editor in 0.00 ms.
Mono: successfully reloaded assembly
- Completed reload, in  1.409 seconds
Platform modules already initialized, skipping
Refreshing native plugins compatible for Editor in 0.50 ms, found 2 plugins.
Preloading 0 native plugins for Editor in 0.00 ms.
Unloading 1131 Unused Serialized files (Serialized files now loaded: 0)
System memory in use before: 74.8 MB.
System memory in use after: 74.9 MB.

Unloading 22 unused Assets to reduce memory usage. Loaded Objects now: 1727.
Total: 2.756200 ms (FindLiveObjects: 0.242300 ms CreateObjectMapping: 0.109100 ms MarkObjects: 2.308600 ms  DeleteObjects: 0.094600 ms)

========================================================================
Received Prepare
Registering precompiled user dll's ...
Registered in 0.020733 seconds.
Begin MonoManager ReloadAssembly
Native extension for WindowsStandalone target not found
Native extension for WebGL target not found
Refreshing native plugins compatible for Editor in 0.53 ms, found 2 plugins.
Preloading 0 native plugins for Editor in 0.00 ms.
Mono: successfully reloaded assembly
- Completed reload, in  1.718 seconds
Platform modules already initialized, skipping
Refreshing native plugins compatible for Editor in 0.72 ms, found 2 plugins.
Preloading 0 native plugins for Editor in 0.00 ms.
Unloading 1131 Unused Serialized files (Serialized files now loaded: 0)
System memory in use before: 74.8 MB.
System memory in use after: 74.9 MB.

Unloading 22 unused Assets to reduce memory usage. Loaded Objects now: 1730.
Total: 3.073800 ms (FindLiveObjects: 0.260600 ms CreateObjectMapping: 0.114800 ms MarkObjects: 2.572800 ms  DeleteObjects: 0.123900 ms)

========================================================================
Received Prepare
Registering precompiled user dll's ...
Registered in 0.022406 seconds.
Begin MonoManager ReloadAssembly
Native extension for WindowsStandalone target not found
Native extension for WebGL target not found
Refreshing native plugins compatible for Editor in 0.53 ms, found 2 plugins.
Preloading 0 native plugins for Editor in 0.00 ms.
Mono: successfully reloaded assembly
- Completed reload, in  2.661 seconds
Platform modules already initialized, skipping
Refreshing native plugins compatible for Editor in 0.50 ms, found 2 plugins.
Preloading 0 native plugins for Editor in 0.00 ms.
Unloading 1131 Unused Serialized files (Serialized files now loaded: 0)
System memory in use before: 74.8 MB.
System memory in use after: 74.9 MB.

Unloading 22 unused Assets to reduce memory usage. Loaded Objects now: 1733.
Total: 2.775100 ms (FindLiveObjects: 0.325000 ms CreateObjectMapping: 0.074200 ms MarkObjects: 2.278900 ms  DeleteObjects: 0.094000 ms)

========================================================================
Received Prepare
Registering precompiled user dll's ...
Registered in 0.024926 seconds.
Begin MonoManager ReloadAssembly
Native extension for WindowsStandalone target not found
Native extension for WebGL target not found
Refreshing native plugins compatible for Editor in 0.56 ms, found 2 plugins.
Preloading 0 native plugins for Editor in 0.00 ms.
Mono: successfully reloaded assembly
- Completed reload, in  1.619 seconds
Platform modules already initialized, skipping
Refreshing native plugins compatible for Editor in 0.54 ms, found 2 plugins.
Preloading 0 native plugins for Editor in 0.00 ms.
Unloading 1131 Unused Serialized files (Serialized files now loaded: 0)
System memory in use before: 74.8 MB.
System memory in use after: 74.9 MB.

Unloading 22 unused Assets to reduce memory usage. Loaded Objects now: 1736.
Total: 3.655700 ms (FindLiveObjects: 0.250100 ms CreateObjectMapping: 0.065000 ms MarkObjects: 3.187000 ms  DeleteObjects: 0.151400 ms)

========================================================================
Received Import Request.
  Time since last request: 325.961292 seconds.
  path: Assets/Plugins
  artifactKey: Guid(720712be6e31c444f88f57bb85bf5fa5) Importer(815301076,1909f56bfc062723c751e8b465ee728b)
Start importing Assets/Plugins using Guid(720712be6e31c444f88f57bb85bf5fa5) Importer(815301076,1909f56bfc062723c751e8b465ee728b)  -> (artifact id: '9646bc8e2e288fe6c056f0264412257b') in 0.015122 seconds
  Import took 0.018511 seconds .

========================================================================
Received Import Request.
  Time since last request: 26.998928 seconds.
  path: Assets/FollowCamera.prefab
  artifactKey: Guid(9f69fce56734f4943bccbef2dd54859b) Importer(815301076,1909f56bfc062723c751e8b465ee728b)
Start importing Assets/FollowCamera.prefab using Guid(9f69fce56734f4943bccbef2dd54859b) Importer(815301076,1909f56bfc062723c751e8b465ee728b)  -> (artifact id: '79daf6558ddbfdafb709badfe85f780c') in 0.029483 seconds
  Import took 0.035902 seconds .

========================================================================
Received Import Request.
  Time since last request: 15.699203 seconds.
  path: Assets/Player.prefab
  artifactKey: Guid(dad59f58cd076d647aa223e55b663f0f) Importer(815301076,1909f56bfc062723c751e8b465ee728b)
Start importing Assets/Player.prefab using Guid(dad59f58cd076d647aa223e55b663f0f) Importer(815301076,1909f56bfc062723c751e8b465ee728b)  -> (artifact id: 'd443ab36048841de5f9680552a06db6b') in 0.109075 seconds
  Import took 0.112437 seconds .

========================================================================
Received Prepare
Registering precompiled user dll's ...
Registered in 0.028817 seconds.
Begin MonoManager ReloadAssembly
Native extension for WindowsStandalone target not found
Native extension for WebGL target not found
Refreshing native plugins compatible for Editor in 0.54 ms, found 2 plugins.
Preloading 0 native plugins for Editor in 0.00 ms.
Mono: successfully reloaded assembly
- Completed reload, in  1.968 seconds
Platform modules already initialized, skipping
Refreshing native plugins compatible for Editor in 0.54 ms, found 2 plugins.
Preloading 0 native plugins for Editor in 0.00 ms.
Unloading 1131 Unused Serialized files (Serialized files now loaded: 0)
System memory in use before: 74.9 MB.
System memory in use after: 74.9 MB.

Unloading 23 unused Assets to reduce memory usage. Loaded Objects now: 1740.
Total: 3.132400 ms (FindLiveObjects: 0.440700 ms CreateObjectMapping: 0.122900 ms MarkObjects: 2.435900 ms  DeleteObjects: 0.129500 ms)

========================================================================
Received Prepare
Registering precompiled user dll's ...
Registered in 0.029904 seconds.
Begin MonoManager ReloadAssembly
Native extension for WindowsStandalone target not found
Native extension for WebGL target not found
Refreshing native plugins compatible for Editor in 0.54 ms, found 2 plugins.
Preloading 0 native plugins for Editor in 0.00 ms.
Mono: successfully reloaded assembly
- Completed reload, in  1.570 seconds
Platform modules already initialized, skipping
Refreshing native plugins compatible for Editor in 0.78 ms, found 2 plugins.
Preloading 0 native plugins for Editor in 0.00 ms.
Unloading 1131 Unused Serialized files (Serialized files now loaded: 0)
System memory in use before: 74.9 MB.
System memory in use after: 74.9 MB.

Unloading 22 unused Assets to reduce memory usage. Loaded Objects now: 1743.
Total: 2.678500 ms (FindLiveObjects: 0.347400 ms CreateObjectMapping: 0.151800 ms MarkObjects: 2.079500 ms  DeleteObjects: 0.098100 ms)

========================================================================
Received Prepare
Registering precompiled user dll's ...
Registered in 0.020568 seconds.
Begin MonoManager ReloadAssembly
Native extension for WindowsStandalone target not found
Native extension for WebGL target not found
Refreshing native plugins compatible for Editor in 0.64 ms, found 2 plugins.
Preloading 0 native plugins for Editor in 0.00 ms.
Mono: successfully reloaded assembly
- Completed reload, in  3.507 seconds
Platform modules already initialized, skipping
Refreshing native plugins compatible for Editor in 0.51 ms, found 2 plugins.
Preloading 0 native plugins for Editor in 0.00 ms.
Unloading 1131 Unused Serialized files (Serialized files now loaded: 0)
System memory in use before: 74.9 MB.
System memory in use after: 74.9 MB.

Unloading 22 unused Assets to reduce memory usage. Loaded Objects now: 1746.
Total: 2.931300 ms (FindLiveObjects: 0.301300 ms CreateObjectMapping: 0.112400 ms MarkObjects: 2.418000 ms  DeleteObjects: 0.097300 ms)

========================================================================
Received Prepare
Registering precompiled user dll's ...
Registered in 0.023250 seconds.
Begin MonoManager ReloadAssembly
Native extension for WindowsStandalone target not found
Native extension for WebGL target not found
Refreshing native plugins compatible for Editor in 0.84 ms, found 2 plugins.
Preloading 0 native plugins for Editor in 0.00 ms.
Mono: successfully reloaded assembly
- Completed reload, in  1.570 seconds
Platform modules already initialized, skipping
Refreshing native plugins compatible for Editor in 0.63 ms, found 2 plugins.
Preloading 0 native plugins for Editor in 0.00 ms.
Unloading 1131 Unused Serialized files (Serialized files now loaded: 0)
System memory in use before: 74.9 MB.
System memory in use after: 75.0 MB.

Unloading 22 unused Assets to reduce memory usage. Loaded Objects now: 1749.
Total: 3.600000 ms (FindLiveObjects: 0.318800 ms CreateObjectMapping: 0.113100 ms MarkObjects: 3.036500 ms  DeleteObjects: 0.129400 ms)

========================================================================
Received Prepare
Registering precompiled user dll's ...
Registered in 0.022949 seconds.
Begin MonoManager ReloadAssembly
Native extension for WindowsStandalone target not found
Native extension for WebGL target not found
Refreshing native plugins compatible for Editor in 0.80 ms, found 2 plugins.
Preloading 0 native plugins for Editor in 0.00 ms.
Mono: successfully reloaded assembly
- Completed reload, in  2.368 seconds
Platform modules already initialized, skipping
Refreshing native plugins compatible for Editor in 0.78 ms, found 2 plugins.
Preloading 0 native plugins for Editor in 0.00 ms.
Unloading 1131 Unused Serialized files (Serialized files now loaded: 0)
System memory in use before: 74.9 MB.
System memory in use after: 75.0 MB.

Unloading 22 unused Assets to reduce memory usage. Loaded Objects now: 1752.
Total: 3.396900 ms (FindLiveObjects: 0.242200 ms CreateObjectMapping: 0.060200 ms MarkObjects: 2.995700 ms  DeleteObjects: 0.097100 ms)

========================================================================
Received Import Request.
  Time since last request: 509.109024 seconds.
  path: Assets/FollowCamera.prefab
  artifactKey: Guid(9f69fce56734f4943bccbef2dd54859b) Importer(815301076,1909f56bfc062723c751e8b465ee728b)
Start importing Assets/FollowCamera.prefab using Guid(9f69fce56734f4943bccbef2dd54859b) Importer(815301076,1909f56bfc062723c751e8b465ee728b)  -> (artifact id: '53c788f49983e76a724de01bb3e34cea') in 0.030918 seconds
  Import took 0.036606 seconds .

========================================================================
Received Prepare
Registering precompiled user dll's ...
Registered in 0.026371 seconds.
Begin MonoManager ReloadAssembly
Native extension for WindowsStandalone target not found
Native extension for WebGL target not found
Refreshing native plugins compatible for Editor in 0.49 ms, found 2 plugins.
Preloading 0 native plugins for Editor in 0.00 ms.
Mono: successfully reloaded assembly
- Completed reload, in  2.061 seconds
Platform modules already initialized, skipping
Refreshing native plugins compatible for Editor in 0.55 ms, found 2 plugins.
Preloading 0 native plugins for Editor in 0.00 ms.
Unloading 1131 Unused Serialized files (Serialized files now loaded: 0)
System memory in use before: 74.9 MB.
System memory in use after: 75.0 MB.

Unloading 22 unused Assets to reduce memory usage. Loaded Objects now: 1755.
Total: 4.060100 ms (FindLiveObjects: 0.320600 ms CreateObjectMapping: 0.070400 ms MarkObjects: 3.553600 ms  DeleteObjects: 0.113600 ms)

========================================================================
Received Prepare
Registering precompiled user dll's ...
Registered in 0.020856 seconds.
Begin MonoManager ReloadAssembly
Native extension for WindowsStandalone target not found
Native extension for WebGL target not found
Refreshing native plugins compatible for Editor in 0.47 ms, found 2 plugins.
Preloading 0 native plugins for Editor in 0.00 ms.
Mono: successfully reloaded assembly
- Completed reload, in  1.533 seconds
Platform modules already initialized, skipping
Refreshing native plugins compatible for Editor in 0.45 ms, found 2 plugins.
Preloading 0 native plugins for Editor in 0.00 ms.
Unloading 1131 Unused Serialized files (Serialized files now loaded: 0)
System memory in use before: 74.9 MB.
System memory in use after: 75.0 MB.

Unloading 22 unused Assets to reduce memory usage. Loaded Objects now: 1758.
Total: 2.292200 ms (FindLiveObjects: 0.221200 ms CreateObjectMapping: 0.060600 ms MarkObjects: 1.917100 ms  DeleteObjects: 0.091900 ms)

========================================================================
Received Prepare
Registering precompiled user dll's ...
Registered in 0.030269 seconds.
Begin MonoManager ReloadAssembly
Native extension for WindowsStandalone target not found
Native extension for WebGL target not found
Refreshing native plugins compatible for Editor in 0.54 ms, found 2 plugins.
Preloading 0 native plugins for Editor in 0.00 ms.
Mono: successfully reloaded assembly
- Completed reload, in  1.969 seconds
Platform modules already initialized, skipping
Refreshing native plugins compatible for Editor in 0.63 ms, found 2 plugins.
Preloading 0 native plugins for Editor in 0.00 ms.
Unloading 1131 Unused Serialized files (Serialized files now loaded: 0)
System memory in use before: 74.9 MB.
System memory in use after: 75.0 MB.

Unloading 22 unused Assets to reduce memory usage. Loaded Objects now: 1761.
Total: 3.560800 ms (FindLiveObjects: 0.387400 ms CreateObjectMapping: 0.167700 ms MarkObjects: 2.883100 ms  DeleteObjects: 0.120400 ms)

========================================================================
Received Prepare
Registering precompiled user dll's ...
Registered in 0.027597 seconds.
Begin MonoManager ReloadAssembly
Native extension for WindowsStandalone target not found
Native extension for WebGL target not found
Refreshing native plugins compatible for Editor in 0.90 ms, found 2 plugins.
Preloading 0 native plugins for Editor in 0.00 ms.
Mono: successfully reloaded assembly
- Completed reload, in  2.285 seconds
Platform modules already initialized, skipping
Refreshing native plugins compatible for Editor in 1.18 ms, found 2 plugins.
Preloading 0 native plugins for Editor in 0.00 ms.
Unloading 1131 Unused Serialized files (Serialized files now loaded: 0)
System memory in use before: 74.9 MB.
System memory in use after: 75.0 MB.

Unloading 22 unused Assets to reduce memory usage. Loaded Objects now: 1764.
Total: 3.499000 ms (FindLiveObjects: 0.302400 ms CreateObjectMapping: 0.069000 ms MarkObjects: 3.010800 ms  DeleteObjects: 0.114300 ms)

========================================================================
Received Prepare
Registering precompiled user dll's ...
Registered in 0.021087 seconds.
Begin MonoManager ReloadAssembly
Native extension for WindowsStandalone target not found
Native extension for WebGL target not found
Refreshing native plugins compatible for Editor in 0.76 ms, found 2 plugins.
Preloading 0 native plugins for Editor in 0.00 ms.
Mono: successfully reloaded assembly
- Completed reload, in  2.971 seconds
Platform modules already initialized, skipping
Refreshing native plugins compatible for Editor in 0.80 ms, found 2 plugins.
Preloading 0 native plugins for Editor in 0.00 ms.
Unloading 1131 Unused Serialized files (Serialized files now loaded: 0)
System memory in use before: 74.9 MB.
System memory in use after: 75.0 MB.

Unloading 22 unused Assets to reduce memory usage. Loaded Objects now: 1767.
Total: 2.281900 ms (FindLiveObjects: 0.191700 ms CreateObjectMapping: 0.058600 ms MarkObjects: 1.941500 ms  DeleteObjects: 0.088700 ms)

========================================================================
Received Prepare
Registering precompiled user dll's ...
Registered in 0.031032 seconds.
Begin MonoManager ReloadAssembly
Native extension for WindowsStandalone target not found
Native extension for WebGL target not found
Refreshing native plugins compatible for Editor in 0.49 ms, found 2 plugins.
Preloading 0 native plugins for Editor in 0.00 ms.
Mono: successfully reloaded assembly
- Completed reload, in  1.408 seconds
Platform modules already initialized, skipping
Refreshing native plugins compatible for Editor in 0.50 ms, found 2 plugins.
Preloading 0 native plugins for Editor in 0.00 ms.
Unloading 1131 Unused Serialized files (Serialized files now loaded: 0)
System memory in use before: 74.9 MB.
System memory in use after: 75.0 MB.

Unloading 22 unused Assets to reduce memory usage. Loaded Objects now: 1770.
Total: 2.685100 ms (FindLiveObjects: 0.241200 ms CreateObjectMapping: 0.105800 ms MarkObjects: 2.236500 ms  DeleteObjects: 0.100000 ms)

========================================================================
Received Prepare
Registering precompiled user dll's ...
Registered in 0.030311 seconds.
Begin MonoManager ReloadAssembly
Native extension for WindowsStandalone target not found
Native extension for WebGL target not found
Refreshing native plugins compatible for Editor in 0.55 ms, found 2 plugins.
Preloading 0 native plugins for Editor in 0.00 ms.
Mono: successfully reloaded assembly
- Completed reload, in  1.880 seconds
Platform modules already initialized, skipping
Refreshing native plugins compatible for Editor in 0.52 ms, found 2 plugins.
Preloading 0 native plugins for Editor in 0.00 ms.
Unloading 1131 Unused Serialized files (Serialized files now loaded: 0)
System memory in use before: 75.0 MB.
System memory in use after: 75.1 MB.

Unloading 22 unused Assets to reduce memory usage. Loaded Objects now: 1773.
Total: 3.760700 ms (FindLiveObjects: 0.456400 ms CreateObjectMapping: 0.300100 ms MarkObjects: 2.888400 ms  DeleteObjects: 0.113300 ms)

========================================================================
Received Prepare
Registering precompiled user dll's ...
Registered in 0.022752 seconds.
Begin MonoManager ReloadAssembly
Native extension for WindowsStandalone target not found
Native extension for WebGL target not found
Refreshing native plugins compatible for Editor in 0.50 ms, found 2 plugins.
Preloading 0 native plugins for Editor in 0.00 ms.
Mono: successfully reloaded assembly
- Completed reload, in  3.529 seconds
Platform modules already initialized, skipping
Refreshing native plugins compatible for Editor in 0.91 ms, found 2 plugins.
Preloading 0 native plugins for Editor in 0.00 ms.
Unloading 1131 Unused Serialized files (Serialized files now loaded: 0)
System memory in use before: 75.0 MB.
System memory in use after: 75.1 MB.

Unloading 22 unused Assets to reduce memory usage. Loaded Objects now: 1776.
Total: 2.996900 ms (FindLiveObjects: 0.224900 ms CreateObjectMapping: 0.063300 ms MarkObjects: 2.532900 ms  DeleteObjects: 0.173500 ms)

========================================================================
Received Prepare
Registering precompiled user dll's ...
Registered in 0.022236 seconds.
Begin MonoManager ReloadAssembly
Native extension for WindowsStandalone target not found
Native extension for WebGL target not found
Refreshing native plugins compatible for Editor in 0.49 ms, found 2 plugins.
Preloading 0 native plugins for Editor in 0.00 ms.
Mono: successfully reloaded assembly
- Completed reload, in  3.502 seconds
Platform modules already initialized, skipping
Refreshing native plugins compatible for Editor in 0.50 ms, found 2 plugins.
Preloading 0 native plugins for Editor in 0.00 ms.
Unloading 1131 Unused Serialized files (Serialized files now loaded: 0)
System memory in use before: 75.0 MB.
System memory in use after: 75.1 MB.

Unloading 22 unused Assets to reduce memory usage. Loaded Objects now: 1779.
Total: 2.734700 ms (FindLiveObjects: 0.344500 ms CreateObjectMapping: 0.084700 ms MarkObjects: 2.195600 ms  DeleteObjects: 0.108000 ms)

========================================================================
Received Import Request.
  Time since last request: 332.406940 seconds.
  path: Assets/Game/Main Camera.prefab
  artifactKey: Guid(fedcc803b79d5504d8e73335d512040d) Importer(815301076,1909f56bfc062723c751e8b465ee728b)
Start importing Assets/Game/Main Camera.prefab using Guid(fedcc803b79d5504d8e73335d512040d) Importer(815301076,1909f56bfc062723c751e8b465ee728b)  -> (artifact id: '891aa433807f6c8d345dc9fd0cf9b42d') in 0.037922 seconds
  Import took 0.041065 seconds .

========================================================================
Received Import Request.
  Time since last request: 0.012722 seconds.
  path: Assets/Game/Main Camera.prefab
  artifactKey: Guid(fedcc803b79d5504d8e73335d512040d) Importer(815301076,1909f56bfc062723c751e8b465ee728b)
Start importing Assets/Game/Main Camera.prefab using Guid(fedcc803b79d5504d8e73335d512040d) Importer(815301076,1909f56bfc062723c751e8b465ee728b)  -> (artifact id: '891aa433807f6c8d345dc9fd0cf9b42d') in 0.010022 seconds
  Import took 0.013112 seconds .

========================================================================
Received Prepare
Registering precompiled user dll's ...
Registered in 0.021609 seconds.
Begin MonoManager ReloadAssembly
Native extension for WindowsStandalone target not found
Native extension for WebGL target not found
Refreshing native plugins compatible for Editor in 0.68 ms, found 2 plugins.
Preloading 0 native plugins for Editor in 0.00 ms.
Mono: successfully reloaded assembly
- Completed reload, in  1.570 seconds
Platform modules already initialized, skipping
Refreshing native plugins compatible for Editor in 0.53 ms, found 2 plugins.
Preloading 0 native plugins for Editor in 0.00 ms.
Unloading 1131 Unused Serialized files (Serialized files now loaded: 0)
System memory in use before: 75.0 MB.
System memory in use after: 75.1 MB.

Unloading 22 unused Assets to reduce memory usage. Loaded Objects now: 1782.
Total: 3.004800 ms (FindLiveObjects: 0.203300 ms CreateObjectMapping: 0.061200 ms MarkObjects: 2.574600 ms  DeleteObjects: 0.163700 ms)

========================================================================
Received Import Request.
  Time since last request: 40.758176 seconds.
  path: Assets/Game/Player 1.prefab
  artifactKey: Guid(2da2077495b52824b91fcfeacbfb879e) Importer(815301076,1909f56bfc062723c751e8b465ee728b)
Start importing Assets/Game/Player 1.prefab using Guid(2da2077495b52824b91fcfeacbfb879e) Importer(815301076,1909f56bfc062723c751e8b465ee728b)  -> (artifact id: 'b8933aabe658d337205bc14a6a3293c2') in 0.115977 seconds
  Import took 0.123601 seconds .

========================================================================
Received Prepare
Registering precompiled user dll's ...
Registered in 0.029909 seconds.
Begin MonoManager ReloadAssembly
Native extension for WindowsStandalone target not found
Native extension for WebGL target not found
Refreshing native plugins compatible for Editor in 0.48 ms, found 2 plugins.
Preloading 0 native plugins for Editor in 0.00 ms.
Mono: successfully reloaded assembly
- Completed reload, in  1.730 seconds
Platform modules already initialized, skipping
Refreshing native plugins compatible for Editor in 0.55 ms, found 2 plugins.
Preloading 0 native plugins for Editor in 0.00 ms.
Unloading 1131 Unused Serialized files (Serialized files now loaded: 0)
System memory in use before: 75.0 MB.
System memory in use after: 75.1 MB.

Unloading 23 unused Assets to reduce memory usage. Loaded Objects now: 1786.
Total: 2.810100 ms (FindLiveObjects: 0.196000 ms CreateObjectMapping: 0.062000 ms MarkObjects: 2.405200 ms  DeleteObjects: 0.144300 ms)

========================================================================
Received Prepare
Registering precompiled user dll's ...
Registered in 0.024711 seconds.
Begin MonoManager ReloadAssembly
Native extension for WindowsStandalone target not found
Native extension for WebGL target not found
Refreshing native plugins compatible for Editor in 0.51 ms, found 2 plugins.
Preloading 0 native plugins for Editor in 0.00 ms.
Mono: successfully reloaded assembly
- Completed reload, in  1.466 seconds
Platform modules already initialized, skipping
Refreshing native plugins compatible for Editor in 0.95 ms, found 2 plugins.
Preloading 0 native plugins for Editor in 0.00 ms.
Unloading 1131 Unused Serialized files (Serialized files now loaded: 0)
System memory in use before: 75.0 MB.
System memory in use after: 75.1 MB.

Unloading 22 unused Assets to reduce memory usage. Loaded Objects now: 1789.
Total: 5.519300 ms (FindLiveObjects: 0.847100 ms CreateObjectMapping: 0.243100 ms MarkObjects: 4.317000 ms  DeleteObjects: 0.108900 ms)

========================================================================
Received Prepare
Registering precompiled user dll's ...
Registered in 0.025955 seconds.
Begin MonoManager ReloadAssembly
Native extension for WindowsStandalone target not found
Native extension for WebGL target not found
Refreshing native plugins compatible for Editor in 0.54 ms, found 2 plugins.
Preloading 0 native plugins for Editor in 0.00 ms.
Mono: successfully reloaded assembly
- Completed reload, in  1.589 seconds
Platform modules already initialized, skipping
Refreshing native plugins compatible for Editor in 0.51 ms, found 2 plugins.
Preloading 0 native plugins for Editor in 0.00 ms.
Unloading 1131 Unused Serialized files (Serialized files now loaded: 0)
System memory in use before: 75.1 MB.
System memory in use after: 75.1 MB.

Unloading 22 unused Assets to reduce memory usage. Loaded Objects now: 1792.
Total: 3.682700 ms (FindLiveObjects: 0.398700 ms CreateObjectMapping: 0.283600 ms MarkObjects: 2.871100 ms  DeleteObjects: 0.126900 ms)

========================================================================
Received Prepare
Registering precompiled user dll's ...
Registered in 0.031712 seconds.
Begin MonoManager ReloadAssembly
Native extension for WindowsStandalone target not found
Native extension for WebGL target not found
Refreshing native plugins compatible for Editor in 0.52 ms, found 2 plugins.
Preloading 0 native plugins for Editor in 0.00 ms.
Mono: successfully reloaded assembly
- Completed reload, in  3.996 seconds
Platform modules already initialized, skipping
Refreshing native plugins compatible for Editor in 3.25 ms, found 2 plugins.
Preloading 0 native plugins for Editor in 0.00 ms.
Unloading 1131 Unused Serialized files (Serialized files now loaded: 0)
System memory in use before: 75.1 MB.
System memory in use after: 75.1 MB.

Unloading 22 unused Assets to reduce memory usage. Loaded Objects now: 1795.
Total: 9.988100 ms (FindLiveObjects: 0.551500 ms CreateObjectMapping: 0.278800 ms MarkObjects: 8.822500 ms  DeleteObjects: 0.330100 ms)

========================================================================
Received Prepare
Registering precompiled user dll's ...
Registered in 0.035947 seconds.
Begin MonoManager ReloadAssembly
Native extension for WindowsStandalone target not found
Native extension for WebGL target not found
Refreshing native plugins compatible for Editor in 0.50 ms, found 2 plugins.
Preloading 0 native plugins for Editor in 0.00 ms.
Mono: successfully reloaded assembly
- Completed reload, in  1.599 seconds
Platform modules already initialized, skipping
Refreshing native plugins compatible for Editor in 0.50 ms, found 2 plugins.
Preloading 0 native plugins for Editor in 0.00 ms.
Unloading 1131 Unused Serialized files (Serialized files now loaded: 0)
System memory in use before: 75.1 MB.
System memory in use after: 75.1 MB.

Unloading 22 unused Assets to reduce memory usage. Loaded Objects now: 1798.
Total: 2.965900 ms (FindLiveObjects: 0.419500 ms CreateObjectMapping: 0.178100 ms MarkObjects: 2.267200 ms  DeleteObjects: 0.098800 ms)

========================================================================
Received Prepare
Registering precompiled user dll's ...
Registered in 0.020750 seconds.
Begin MonoManager ReloadAssembly
Native extension for WindowsStandalone target not found
Native extension for WebGL target not found
Refreshing native plugins compatible for Editor in 0.50 ms, found 2 plugins.
Preloading 0 native plugins for Editor in 0.00 ms.
Mono: successfully reloaded assembly
- Completed reload, in  1.375 seconds
Platform modules already initialized, skipping
Refreshing native plugins compatible for Editor in 0.51 ms, found 2 plugins.
Preloading 0 native plugins for Editor in 0.00 ms.
Unloading 1131 Unused Serialized files (Serialized files now loaded: 0)
System memory in use before: 75.1 MB.
System memory in use after: 75.1 MB.

Unloading 22 unused Assets to reduce memory usage. Loaded Objects now: 1801.
Total: 2.245700 ms (FindLiveObjects: 0.198100 ms CreateObjectMapping: 0.060000 ms MarkObjects: 1.893900 ms  DeleteObjects: 0.092400 ms)

========================================================================
Received Prepare
Registering precompiled user dll's ...
Registered in 0.022292 seconds.
Begin MonoManager ReloadAssembly
Native extension for WindowsStandalone target not found
Native extension for WebGL target not found
Refreshing native plugins compatible for Editor in 0.50 ms, found 2 plugins.
Preloading 0 native plugins for Editor in 0.00 ms.
Mono: successfully reloaded assembly
- Completed reload, in  1.556 seconds
Platform modules already initialized, skipping
Refreshing native plugins compatible for Editor in 0.47 ms, found 2 plugins.
Preloading 0 native plugins for Editor in 0.00 ms.
Unloading 1131 Unused Serialized files (Serialized files now loaded: 0)
System memory in use before: 75.1 MB.
System memory in use after: 75.2 MB.

Unloading 22 unused Assets to reduce memory usage. Loaded Objects now: 1804.
Total: 2.696400 ms (FindLiveObjects: 0.222000 ms CreateObjectMapping: 0.059900 ms MarkObjects: 2.320300 ms  DeleteObjects: 0.092800 ms)

========================================================================
Received Prepare
Registering precompiled user dll's ...
Registered in 0.016568 seconds.
Begin MonoManager ReloadAssembly
Native extension for WindowsStandalone target not found
Native extension for WebGL target not found
Refreshing native plugins compatible for Editor in 1.18 ms, found 2 plugins.
Preloading 0 native plugins for Editor in 0.00 ms.
Mono: successfully reloaded assembly
- Completed reload, in  2.845 seconds
Platform modules already initialized, skipping
Refreshing native plugins compatible for Editor in 0.51 ms, found 2 plugins.
Preloading 0 native plugins for Editor in 0.00 ms.
Unloading 1131 Unused Serialized files (Serialized files now loaded: 0)
System memory in use before: 75.1 MB.
System memory in use after: 75.2 MB.

Unloading 22 unused Assets to reduce memory usage. Loaded Objects now: 1807.
Total: 2.718300 ms (FindLiveObjects: 0.184500 ms CreateObjectMapping: 0.051600 ms MarkObjects: 2.360300 ms  DeleteObjects: 0.120000 ms)

AssetImportWorkerClient::OnTransportError - code=2 error=End of file
